<?xml version="1.0" encoding="UTF-8"?>
<testsuite xmlns:xsi="http://www.w3.org/2001/XMLSchema-instance" xsi:noNamespaceSchemaLocation="https://maven.apache.org/surefire/maven-surefire-plugin/xsd/surefire-test-report-3.0.xsd" version="3.0" name="br.com.rocketskills.petlov.Selenium" time="5.408" tests="1" errors="0" skipped="0" failures="0">
  <properties>
[...]
</properties>
  <testcase name="createPoint" classname="br.com.rocketskills.petlov.Selenium" time="5.388">
    <system-err><![CDATA[mai. 27, 2024 10:20:41 AM org.openqa.selenium.devtools.CdpVersionFinder findNearestMatch
ADVERTÊNCIA: Unable to find an exact match for CDP version 125, returning the closest version; found: 124; Please update to a Selenium version that supports CDP version 125
]]></system-err>
  </testcase>
</testsuite>